<?xml version="1.0" encoding="UTF-8"?>
<!-- Generated by org.testng.reporters.JUnitXMLReporter -->
<testsuite ignored="1" hostname="Lenovo" failures="0" tests="1" name="Default test" time="19.299" errors="0" timestamp="2025-06-18T21:19:55 IST">
  <testcase classname="sauceDemoTests.VerifyCartBadge" name="verifyCartBadgeCountWithTwoProductsSelected" time="0.936"/>
  <testcase classname="sauceDemoTests.VerifyCartBadge" name="verifyCartBadgeCountwithOneProductSelected" time="0.0">
    <ignored/>
  </testcase> <!-- verifyCartBadgeCountwithOneProductSelected -->
</testsuite> <!-- Default test -->
