<?xml version="1.0" encoding="UTF-8"?>
<testng-results ignored="1" total="2" passed="1" failed="0" skipped="0">
  <reporter-output>
  </reporter-output>
  <suite started-at="2025-06-18T21:19:35 IST" name="Default suite" finished-at="2025-06-18T21:19:55 IST" duration-ms="19299">
    <groups>
    </groups>
    <test started-at="2025-06-18T21:19:35 IST" name="Default test" finished-at="2025-06-18T21:19:55 IST" duration-ms="19299">
      <class name="sauceDemoTests.VerifyCartBadge">
        <test-method is-config="true" signature="setup()[pri:0, instance:sauceDemoTests.VerifyCartBadge@3cd3e762]" started-at="2025-06-18T21:19:35 IST" name="setup" finished-at="2025-06-18T21:19:53 IST" duration-ms="17958" status="PASS">
          <reporter-output>
          </reporter-output>
        </test-method> <!-- setup -->
        <test-method signature="verifyCartBadgeCountWithTwoProductsSelected()[pri:0, instance:sauceDemoTests.VerifyCartBadge@3cd3e762]" started-at="2025-06-18T21:19:53 IST" name="verifyCartBadgeCountWithTwoProductsSelected" finished-at="2025-06-18T21:19:54 IST" duration-ms="936" status="PASS">
          <reporter-output>
          </reporter-output>
        </test-method> <!-- verifyCartBadgeCountWithTwoProductsSelected -->
        <test-method is-config="true" signature="tearDown()[pri:0, instance:sauceDemoTests.VerifyCartBadge@3cd3e762]" started-at="2025-06-18T21:19:54 IST" name="tearDown" finished-at="2025-06-18T21:19:55 IST" duration-ms="337" status="PASS">
          <reporter-output>
          </reporter-output>
        </test-method> <!-- tearDown -->
      </class> <!-- sauceDemoTests.VerifyCartBadge -->
    </test> <!-- Default test -->
  </suite> <!-- Default suite -->
</testng-results>
